<?xml version="1.0" encoding="UTF-8" ?>
<testsuite tests="7" failures="0" name="JUnitSelenium" time="29.753" errors="0" skipped="0">
  <properties>
[...]
</properties>
  <testcase classname="JUnitSelenium" name="test1" time="0.778"/>
  <testcase classname="JUnitSelenium" name="test2" time="0.297"/>
  <testcase classname="JUnitSelenium" name="test3" time="10.186"/>
  <testcase classname="JUnitSelenium" name="test4" time="0.397"/>
  <testcase classname="JUnitSelenium" name="test5" time="1.21"/>
  <testcase classname="JUnitSelenium" name="test6" time="0.448"/>
  <testcase classname="JUnitSelenium" name="test7" time="1.349"/>
</testsuite>